#
# A fatal error has been detected by the Java Runtime Environment:
#
#  SIGSEGV (0xb) at pc=0x000000011dc88125, pid=53790, tid=1299
#
# JRE version: Java(TM) SE Runtime Environment (8.0_11-b12) (build 1.8.0_11-b12)
# Java VM: Java HotSpot(TM) 64-Bit Server VM (25.11-b03 mixed mode bsd-amd64 compressed oops)
# Problematic frame:
# C  [libglass.dylib+0x1b125]  GlassScreenDidChangeScreenParameters+0x25
#
# Failed to write core dump. Core dumps have been disabled. To enable core dumping, try "ulimit -c unlimited" before starting Java again
#
# If you would like to submit a bug report, please visit:
#   http://bugreport.sun.com/bugreport/crash.jsp
#

---------------  T H R E A D  ---------------

Current thread is native thread

siginfo:si_signo=SIGSEGV: si_errno=0, si_code=1 (SEGV_MAPERR), si_addr=0x0000000000000000

Registers:
RAX=0x000000011dcba910, RBX=0x0000000000000000, RCX=0x9a002ea34cf0a254, RDX=0x00007fff7631b1f8
RSP=0x00007fff5c1c3560, RBP=0x00007fff5c1c3570, RSI=0x00007f987bc25f48, RDI=0x0000000000000000
R8 =0x00007fff5c1c3410, R9 =0x00007fff75feb300, R10=0x0000000000000000, R11=0x0000000000000246
R12=0x00007f987be061d0, R13=0x00000000000f426a, R14=0x00007f987bd786c0, R15=0x00007fff5c1c36b8
RIP=0x000000011dc88125, EFLAGS=0x0000000000010246, ERR=0x0000000000000004
  TRAPNO=0x000000000000000e

Top of Stack: (sp=0x00007fff5c1c3560)
0x00007fff5c1c3560:   00007fff5c1c3570 00007fff5c1c3758
0x00007fff5c1c3570:   00007fff5c1c3580 00007fff8506145c
0x00007fff5c1c3580:   00007fff5c1c38e0 00007fff84f51634
0x00007fff5c1c3590:   0000000000000000 0000000000000000
0x00007fff5c1c35a0:   000000000000007c 0000000000000000
0x00007fff5c1c35b0:   00000000000f4334 0000000000000c48
0x00007fff5c1c35c0:   0000000000000001 00007f987bee4db0
0x00007fff5c1c35d0:   0000000000000000 00007fff5c1c36b0
0x00007fff5c1c35e0:   0000000000000000 00007f987bd78680
0x00007fff5c1c35f0:   00007fff5c1c3730 0000000000000083
0x00007fff5c1c3600:   00000000000f4359 00007f987e2b8980
0x00007fff5c1c3610:   00007f987be32bf0 00007f987be061d0
0x00007fff5c1c3620:   0000000000000003 00000000000f426a
0x00007fff5c1c3630:   00007f987be061c0 0000000103a53000
0x00007fff5c1c3640:   00007fff5c1c36e0 00007fff90659e7f
0x00007fff5c1c3650:   00007f9880810370 00007f98808103d0
0x00007fff5c1c3660:   00007f987befc080 0000000103a53000
0x00007fff5c1c3670:   00007fff5c1c3710 00007fff90659e7f
0x00007fff5c1c3680:   00007f987befc080 0000000000000013
0x00007fff5c1c3690:   00064f037be061f4 00007f987be061f4
0x00007fff5c1c36a0:   0000000000000000 00007fff8b1db64f
0x00007fff5c1c36b0:   00007f987bcd3e90 00007f987bd786c0
0x00007fff5c1c36c0:   00007f987bcd7a40 00007f987bee4db0
0x00007fff5c1c36d0:   00007fff5c1c374c 00007fff5c1c3750
0x00007fff5c1c36e0:   0000000103a56a00 0000000000000004
0x00007fff5c1c36f0:   0000000103a53000 00007f98808249b4
0x00007fff5c1c3700:   0000000000000003 0000000103a56a00
0x00007fff5c1c3710:   00007fff5c1c3800 00007fff90657b36
0x00007fff5c1c3720:   04bfffffffffc7be 000000000002d75b
0x00007fff5c1c3730:   0000000000000013 0000000000000000
0x00007fff5c1c3740:   00000000000f4317 0000000000000017
0x00007fff5c1c3750:   0000000000000000 00000000000f426a 

Instructions: (pc=0x000000011dc88125)
0x000000011dc88105:   48 83 ec 08 48 8d 05 f8 28 03 00 48 8b 00 48 85
0x000000011dc88115:   c0 48 89 fb 75 2e 48 8d 05 ee 27 03 00 48 8b 30
0x000000011dc88125:   48 8b 03 48 8d 15 58 90 01 00 48 8d 0d 62 51 01
0x000000011dc88135:   00 48 89 df ff 90 88 03 00 00 48 8d 0d c2 28 03 

Register to memory mapping:

RAX=0x000000011dcba910: jScreenClass+0 in /Library/Java/JavaVirtualMachines/jdk1.8.0_11.jdk/Contents/Home/jre/lib/libglass.dylib at 0x000000011dc6d000
RBX=0x0000000000000000 is an unknown value
RCX=0x9a002ea34cf0a254 is an unknown value
RDX=0x00007fff7631b1f8: __sFX+0x1c8 in /usr/lib/system/libsystem_c.dylib at 0x00007fff8ee24000
RSP=0x00007fff5c1c3560 is an unknown value
RBP=0x00007fff5c1c3570 is an unknown value
RSI=0x00007f987bc25f48 is a global jni handle
RDI=0x0000000000000000 is an unknown value
R8 =0x00007fff5c1c3410 is an unknown value
R9 =0x00007fff75feb300: _thread+0 in /usr/lib/system/libsystem_pthread.dylib at 0x00007fff8ddec000
R10=0x0000000000000000 is an unknown value
R11=0x0000000000000246 is an unknown value
R12=0x00007f987be061d0 is an unknown value
R13=0x00000000000f426a is an unknown value
R14=0x00007f987bd786c0 is an unknown value
R15=0x00007fff5c1c36b8 is an unknown value


Stack: [0x00007fff5b9c7000,0x00007fff5c1c7000],  sp=0x00007fff5c1c3560,  free space=8177k
Native frames: (J=compiled Java code, j=interpreted, Vv=VM code, C=native code)
C  [libglass.dylib+0x1b125]  GlassScreenDidChangeScreenParameters+0x25
C  [CoreFoundation+0x12045c]  __CFNOTIFICATIONCENTER_IS_CALLING_OUT_TO_AN_OBSERVER__+0xc
C  [CoreFoundation+0x10634]  _CFXNotificationPost+0xc44
C  [Foundation+0x7aa1]  -[NSNotificationCenter postNotificationName:object:userInfo:]+0x42
C  [AppKit+0x40de7e]  -[NSApplication _reactToScreenInvalidationImmediately:]+0x17b
C  [AppKit+0x40dcc7]  __44-[NSApplication _reactToScreenInvalidation:]_block_invoke+0x4b
C  [CoreFoundation+0x808ec]  __CFRUNLOOP_IS_CALLING_OUT_TO_A_BLOCK__+0xc
C  [CoreFoundation+0x729f5]  __CFRunLoopDoBlocks+0x155
C  [CoreFoundation+0x72536]  __CFRunLoopRun+0x716
C  [CoreFoundation+0x71bd8]  CFRunLoopRunSpecific+0x128
C  [java+0x56cb]  CreateExecutionEnvironment+0x367
C  [java+0x166c]  JLI_Launch+0x7a0
C  [java+0x7689]  main+0x65
C  [java+0xec4]  start+0x34


---------------  P R O C E S S  ---------------

VM state:not at safepoint (normal execution)

VM Mutex/Monitor currently owned by a thread: None

Heap:
 PSYoungGen      total 278016K, used 219068K [0x0000000795580000, 0x00000007b7c80000, 0x00000007c0000000)
  eden space 277504K, 78% used [0x0000000795580000,0x00000007a2b4b378,0x00000007a6480000)
  from space 512K, 28% used [0x00000007b7b80000,0x00000007b7ba3f08,0x00000007b7c00000)
  to   space 512K, 0% used [0x00000007b7c00000,0x00000007b7c00000,0x00000007b7c80000)
 ParOldGen       total 9216K, used 9006K [0x0000000740000000, 0x0000000740900000, 0x0000000795580000)
  object space 9216K, 97% used [0x0000000740000000,0x00000007408cb9f8,0x0000000740900000)
 Metaspace       used 22876K, capacity 23116K, committed 23296K, reserved 1069056K
  class space    used 2944K, capacity 3017K, committed 3072K, reserved 1048576K

Card table byte_map: [0x0000000114784000,0x0000000114b85000] byte_map_base: 0x0000000110d84000

Marking Bits: (ParMarkBitMap*) 0x0000000104c670a0
 Begin Bits: [0x000000011523c000, 0x000000011723c000)
 End Bits:   [0x000000011723c000, 0x000000011923c000)

Polling page: 0x0000000103b95000

CodeCache: size=245760Kb used=12699Kb max_used=12710Kb free=233060Kb
 bounds [0x00000001053c4000, 0x0000000106044000, 0x00000001143c4000]
 total_blobs=4727 nmethods=4002 adapters=639
 compilation: enabled

Compilation events (10 events):
Event: 70.925 Thread 0x00007f987d814000 4000       3       com.sun.javafx.application.PlatformImpl::isFxApplicationThread (7 bytes)
Event: 70.925 Thread 0x00007f987d814000 nmethod 4000 0x0000000106030a90 code [0x0000000106030c00, 0x0000000106030e48]
Event: 127.165 Thread 0x00007f987d80b000 4001       4       java.util.concurrent.locks.ReentrantLock$Sync::nonfairTryAcquire (67 bytes)
Event: 127.166 Thread 0x00007f987d80b000 nmethod 4001 0x0000000106033bd0 code [0x0000000106033d00, 0x0000000106033dd8]
Event: 143.349 Thread 0x00007f987d814000 4002       1       sun.java2d.pipe.RenderBuffer::position (11 bytes)
Event: 143.349 Thread 0x00007f987d814000 nmethod 4002 0x0000000106033910 code [0x0000000106033a60, 0x0000000106033b70]
Event: 571.817 Thread 0x00007f987c038800 4003       4       sun.java2d.pipe.RenderQueue::unlock (4 bytes)
Event: 571.822 Thread 0x00007f987c038800 nmethod 4003 0x0000000106031dd0 code [0x0000000106031f40, 0x0000000106032128]
Event: 572.131 Thread 0x00007f987d80b000 4004       4       sun.java2d.pipe.RenderQueue::tryLock (4 bytes)
Event: 572.132 Thread 0x00007f987d80b000 nmethod 4004 0x0000000106031a50 code [0x0000000106031ba0, 0x0000000106031cb8]

GC Heap History (10 events):
Event: 65.388 GC heap before
{Heap before GC invocations=206 (full 3):
 PSYoungGen      total 247808K, used 247424K [0x0000000795580000, 0x00000007b7c80000, 0x00000007c0000000)
  eden space 247296K, 100% used [0x0000000795580000,0x00000007a4700000,0x00000007a4700000)
  from space 512K, 25% used [0x00000007b7c00000,0x00000007b7c20000,0x00000007b7c80000)
  to   space 512K, 0% used [0x00000007b7b80000,0x00000007b7b80000,0x00000007b7c00000)
 ParOldGen       total 9216K, used 8798K [0x0000000740000000, 0x0000000740900000, 0x0000000795580000)
  object space 9216K, 95% used [0x0000000740000000,0x00000007408979e0,0x0000000740900000)
 Metaspace       used 22816K, capacity 23052K, committed 23296K, reserved 1069056K
  class space    used 2938K, capacity 3017K, committed 3072K, reserved 1048576K
Event: 65.389 GC heap after
Heap after GC invocations=206 (full 3):
 PSYoungGen      total 284160K, used 132K [0x0000000795580000, 0x00000007b7c80000, 0x00000007c0000000)
  eden space 283648K, 0% used [0x0000000795580000,0x0000000795580000,0x00000007a6a80000)
  from space 512K, 25% used [0x00000007b7b80000,0x00000007b7ba1210,0x00000007b7c00000)
  to   space 512K, 0% used [0x00000007b7c00000,0x00000007b7c00000,0x00000007b7c80000)
 ParOldGen       total 9216K, used 8862K [0x0000000740000000, 0x0000000740900000, 0x0000000795580000)
  object space 9216K, 96% used [0x0000000740000000,0x00000007408a79b0,0x0000000740900000)
 Metaspace       used 22816K, capacity 23052K, committed 23296K, reserved 1069056K
  class space    used 2938K, capacity 3017K, committed 3072K, reserved 1048576K
}
Event: 65.883 GC heap before
{Heap before GC invocations=207 (full 3):
 PSYoungGen      total 284160K, used 283780K [0x0000000795580000, 0x00000007b7c80000, 0x00000007c0000000)
  eden space 283648K, 100% used [0x0000000795580000,0x00000007a6a80000,0x00000007a6a80000)
  from space 512K, 25% used [0x00000007b7b80000,0x00000007b7ba1210,0x00000007b7c00000)
  to   space 512K, 0% used [0x00000007b7c00000,0x00000007b7c00000,0x00000007b7c80000)
 ParOldGen       total 9216K, used 8862K [0x0000000740000000, 0x0000000740900000, 0x0000000795580000)
  object space 9216K, 96% used [0x0000000740000000,0x00000007408a79b0,0x0000000740900000)
 Metaspace       used 22816K, capacity 23052K, committed 23296K, reserved 1069056K
  class space    used 2938K, capacity 3017K, committed 3072K, reserved 1048576K
Event: 65.884 GC heap after
Heap after GC invocations=207 (full 3):
 PSYoungGen      total 323072K, used 157K [0x0000000795580000, 0x00000007b7c80000, 0x00000007c0000000)
  eden space 322560K, 0% used [0x0000000795580000,0x0000000795580000,0x00000007a9080000)
  from space 512K, 30% used [0x00000007b7c00000,0x00000007b7c275c0,0x00000007b7c80000)
  to   space 512K, 0% used [0x00000007b7b80000,0x00000007b7b80000,0x00000007b7c00000)
 ParOldGen       total 9216K, used 8870K [0x0000000740000000, 0x0000000740900000, 0x0000000795580000)
  object space 9216K, 96% used [0x0000000740000000,0x00000007408a99b0,0x0000000740900000)
 Metaspace       used 22816K, capacity 23052K, committed 23296K, reserved 1069056K
  class space    used 2938K, capacity 3017K, committed 3072K, reserved 1048576K
}
Event: 66.380 GC heap before
{Heap before GC invocations=208 (full 3):
 PSYoungGen      total 323072K, used 322717K [0x0000000795580000, 0x00000007b7c80000, 0x00000007c0000000)
  eden space 322560K, 100% used [0x0000000795580000,0x00000007a9080000,0x00000007a9080000)
  from space 512K, 30% used [0x00000007b7c00000,0x00000007b7c275c0,0x00000007b7c80000)
  to   space 512K, 0% used [0x00000007b7b80000,0x00000007b7b80000,0x00000007b7c00000)
 ParOldGen       total 9216K, used 8870K [0x0000000740000000, 0x0000000740900000, 0x0000000795580000)
  object space 9216K, 96% used [0x0000000740000000,0x00000007408a99b0,0x0000000740900000)
 Metaspace       used 22816K, capacity 23052K, committed 23296K, reserved 1069056K
  class space    used 2938K, capacity 3017K, committed 3072K, reserved 1048576K
Event: 66.381 GC heap after
Heap after GC invocations=208 (full 3):
 PSYoungGen      total 307200K, used 155K [0x0000000795580000, 0x00000007b7c80000, 0x00000007c0000000)
  eden space 306688K, 0% used [0x0000000795580000,0x0000000795580000,0x00000007a8100000)
  from space 512K, 30% used [0x00000007b7b80000,0x00000007b7ba6e90,0x00000007b7c00000)
  to   space 512K, 0% used [0x00000007b7c00000,0x00000007b7c00000,0x00000007b7c80000)
 ParOldGen       total 9216K, used 8918K [0x0000000740000000, 0x0000000740900000, 0x0000000795580000)
  object space 9216K, 96% used [0x0000000740000000,0x00000007408b59b0,0x0000000740900000)
 Metaspace       used 22816K, capacity 23052K, committed 23296K, reserved 1069056K
  class space    used 2938K, capacity 3017K, committed 3072K, reserved 1048576K
}
Event: 66.877 GC heap before
{Heap before GC invocations=209 (full 3):
 PSYoungGen      total 307200K, used 306843K [0x0000000795580000, 0x00000007b7c80000, 0x00000007c0000000)
  eden space 306688K, 100% used [0x0000000795580000,0x00000007a8100000,0x00000007a8100000)
  from space 512K, 30% used [0x00000007b7b80000,0x00000007b7ba6e90,0x00000007b7c00000)
  to   space 512K, 0% used [0x00000007b7c00000,0x00000007b7c00000,0x00000007b7c80000)
 ParOldGen       total 9216K, used 8918K [0x0000000740000000, 0x0000000740900000, 0x0000000795580000)
  object space 9216K, 96% used [0x0000000740000000,0x00000007408b59b0,0x0000000740900000)
 Metaspace       used 22816K, capacity 23052K, committed 23296K, reserved 1069056K
  class space    used 2938K, capacity 3017K, committed 3072K, reserved 1048576K
Event: 66.878 GC heap after
Heap after GC invocations=209 (full 3):
 PSYoungGen      total 292352K, used 151K [0x0000000795580000, 0x00000007b7c80000, 0x00000007c0000000)
  eden space 291840K, 0% used [0x0000000795580000,0x0000000795580000,0x00000007a7280000)
  from space 512K, 29% used [0x00000007b7c00000,0x00000007b7c25d00,0x00000007b7c80000)
  to   space 512K, 0% used [0x00000007b7b80000,0x00000007b7b80000,0x00000007b7c00000)
 ParOldGen       total 9216K, used 8966K [0x0000000740000000, 0x0000000740900000, 0x0000000795580000)
  object space 9216K, 97% used [0x0000000740000000,0x00000007408c19f8,0x0000000740900000)
 Metaspace       used 22816K, capacity 23052K, committed 23296K, reserved 1069056K
  class space    used 2938K, capacity 3017K, committed 3072K, reserved 1048576K
}
Event: 67.369 GC heap before
{Heap before GC invocations=210 (full 3):
 PSYoungGen      total 292352K, used 291991K [0x0000000795580000, 0x00000007b7c80000, 0x00000007c0000000)
  eden space 291840K, 100% used [0x0000000795580000,0x00000007a7280000,0x00000007a7280000)
  from space 512K, 29% used [0x00000007b7c00000,0x00000007b7c25d00,0x00000007b7c80000)
  to   space 512K, 0% used [0x00000007b7b80000,0x00000007b7b80000,0x00000007b7c00000)
 ParOldGen       total 9216K, used 8966K [0x0000000740000000, 0x0000000740900000, 0x0000000795580000)
  object space 9216K, 97% used [0x0000000740000000,0x00000007408c19f8,0x0000000740900000)
 Metaspace       used 22829K, capacity 23052K, committed 23296K, reserved 1069056K
  class space    used 2938K, capacity 3017K, committed 3072K, reserved 1048576K
Event: 67.370 GC heap after
Heap after GC invocations=210 (full 3):
 PSYoungGen      total 278016K, used 143K [0x0000000795580000, 0x00000007b7c80000, 0x00000007c0000000)
  eden space 277504K, 0% used [0x0000000795580000,0x0000000795580000,0x00000007a6480000)
  from space 512K, 28% used [0x00000007b7b80000,0x00000007b7ba3f08,0x00000007b7c00000)
  to   space 512K, 0% used [0x00000007b7c00000,0x00000007b7c00000,0x00000007b7c80000)
 ParOldGen       total 9216K, used 9006K [0x0000000740000000, 0x0000000740900000, 0x0000000795580000)
  object space 9216K, 97% used [0x0000000740000000,0x00000007408cb9f8,0x0000000740900000)
 Metaspace       used 22829K, capacity 23052K, committed 23296K, reserved 1069056K
  class space    used 2938K, capacity 3017K, committed 3072K, reserved 1048576K
}

Deoptimization events (10 events):
Event: 46.952 Thread 0x00007f987c86a800 Uncommon trap: reason=class_check action=maybe_recompile pc=0x0000000105e2a9d4 method=com.sun.prism.impl.GlyphCache.render(Lcom/sun/prism/impl/BaseContext;Lcom/sun/javafx/scene/text/GlyphList;FFIILcom/sun/prism/paint/Color;Lcom/sun/prism/paint/Color;Lcom/
Event: 46.952 Thread 0x00007f987c86a800 Uncommon trap: reason=class_check action=maybe_recompile pc=0x0000000105e2a9d4 method=com.sun.prism.impl.GlyphCache.render(Lcom/sun/prism/impl/BaseContext;Lcom/sun/javafx/scene/text/GlyphList;FFIILcom/sun/prism/paint/Color;Lcom/sun/prism/paint/Color;Lcom/
Event: 49.438 Thread 0x00007f987d0bf800 Uncommon trap: reason=array_check action=maybe_recompile pc=0x0000000105e70084 method=com.sun.javafx.css.CompoundSelector.applies(Ljavafx/css/Styleable;[Ljava/util/Set;I)Z @ 128
Event: 49.438 Thread 0x00007f987d0bf800 Uncommon trap: reason=array_check action=maybe_recompile pc=0x0000000105e70084 method=com.sun.javafx.css.CompoundSelector.applies(Ljavafx/css/Styleable;[Ljava/util/Set;I)Z @ 128
Event: 49.438 Thread 0x00007f987d0bf800 Uncommon trap: reason=array_check action=maybe_recompile pc=0x0000000105e70084 method=com.sun.javafx.css.CompoundSelector.applies(Ljavafx/css/Styleable;[Ljava/util/Set;I)Z @ 128
Event: 49.438 Thread 0x00007f987d0bf800 Uncommon trap: reason=array_check action=maybe_recompile pc=0x0000000105e70084 method=com.sun.javafx.css.CompoundSelector.applies(Ljavafx/css/Styleable;[Ljava/util/Set;I)Z @ 128
Event: 67.482 Thread 0x00007f987d0bf800 Uncommon trap: reason=bimorphic action=maybe_recompile pc=0x0000000105fe3634 method=javafx.scene.Parent.requestParentLayout()V @ 24
Event: 67.482 Thread 0x00007f987d0bf800 Uncommon trap: reason=bimorphic action=maybe_recompile pc=0x0000000105fe3634 method=javafx.scene.Parent.requestParentLayout()V @ 24
Event: 67.483 Thread 0x00007f987d0bf800 Uncommon trap: reason=bimorphic action=maybe_recompile pc=0x0000000105fe3634 method=javafx.scene.Parent.requestParentLayout()V @ 24
Event: 70.922 Thread 0x00007f987d0bf800 Uncommon trap: reason=predicate action=maybe_recompile pc=0x0000000105fa1ad0 method=java.util.ArrayList.indexOf(Ljava/lang/Object;)I @ 44

Internal exceptions (10 events):
Event: 11.916 Thread 0x00007f987da3d800 Exception <a 'java/security/PrivilegedActionException'> (0x000000079cadb9a0) thrown at [/HUDSON3/workspace/8-2-build-macosx-x86_64/jdk8u11/648/hotspot/src/share/vm/prims/jvm.cpp, line 1248]
Event: 11.932 Thread 0x00007f987da44800 Exception <a 'java/security/PrivilegedActionException'> (0x000000079bd53668) thrown at [/HUDSON3/workspace/8-2-build-macosx-x86_64/jdk8u11/648/hotspot/src/share/vm/prims/jvm.cpp, line 1248]
Event: 11.934 Thread 0x00007f987c26f800 Exception <a 'java/security/PrivilegedActionException'> (0x00000007956d9f10) thrown at [/HUDSON3/workspace/8-2-build-macosx-x86_64/jdk8u11/648/hotspot/src/share/vm/prims/jvm.cpp, line 1248]
Event: 11.948 Thread 0x00007f987d31e000 Exception <a 'java/lang/NoSuchMethodError': <clinit>> (0x000000079d753450) thrown at [/HUDSON3/workspace/8-2-build-macosx-x86_64/jdk8u11/648/hotspot/src/share/vm/prims/jni.cpp, line 1599]
Event: 17.475 Thread 0x00007f987c86a800 Implicit null exception at 0x0000000105890022 to 0x00000001058939e1
Event: 17.987 Thread 0x00007f987c86a800 Implicit null exception at 0x00000001058ffc2c to 0x00000001058ffd7d
Event: 38.482 Thread 0x00007f987d0bf800 Exception <a 'java/security/PrivilegedActionException'> (0x0000000799cc3a20) thrown at [/HUDSON3/workspace/8-2-build-macosx-x86_64/jdk8u11/648/hotspot/src/share/vm/prims/jvm.cpp, line 1248]
Event: 38.482 Thread 0x00007f987d0bf800 Exception <a 'java/security/PrivilegedActionException'> (0x0000000799cc6ca8) thrown at [/HUDSON3/workspace/8-2-build-macosx-x86_64/jdk8u11/648/hotspot/src/share/vm/prims/jvm.cpp, line 1248]
Event: 38.482 Thread 0x00007f987d0bf800 Exception <a 'java/security/PrivilegedActionException'> (0x0000000799ccd950) thrown at [/HUDSON3/workspace/8-2-build-macosx-x86_64/jdk8u11/648/hotspot/src/share/vm/prims/jvm.cpp, line 1248]
Event: 38.482 Thread 0x00007f987d0bf800 Exception <a 'java/security/PrivilegedActionException'> (0x0000000799cd0ee8) thrown at [/HUDSON3/workspace/8-2-build-macosx-x86_64/jdk8u11/648/hotspot/src/share/vm/prims/jvm.cpp, line 1248]

Events (10 events):
Event: 70.925 loading class com/sun/javafx/application/PlatformImpl$8 done
Event: 70.925 loading class com/sun/javafx/application/PlatformImpl$10
Event: 70.925 loading class com/sun/javafx/application/PlatformImpl$10 done
Event: 70.926 loading class com/sun/javafx/tk/quantum/QuantumRenderer$5
Event: 70.926 loading class com/sun/javafx/tk/quantum/QuantumRenderer$5 done
Event: 70.926 Thread 0x00007f987d09f800 Thread exited: 0x00007f987d09f800
Event: 70.926 Thread 0x00007f987c86a800 Thread exited: 0x00007f987c86a800
Event: 70.926 Thread 0x00007f987d0bf800 Thread exited: 0x00007f987d0bf800
Event: 70.927 Thread 0x00007f987d001000 Thread exited: 0x00007f987d001000
Event: 70.927 Thread 0x00007f987d001000 Thread added: 0x00007f987d001000


Dynamic libraries:
0x0000000004703000 	/System/Library/Frameworks/Cocoa.framework/Versions/A/Cocoa
0x0000000004703000 	/System/Library/Frameworks/Security.framework/Versions/A/Security
0x0000000004703000 	/System/Library/Frameworks/ApplicationServices.framework/Versions/A/ApplicationServices
0x0000000004703000 	/usr/lib/libz.1.dylib
0x0000000004703000 	/usr/lib/libSystem.B.dylib
0x0000000004703000 	/usr/lib/libobjc.A.dylib
0x0000000004703000 	/System/Library/Frameworks/CoreFoundation.framework/Versions/A/CoreFoundation
0x0000000004703000 	/System/Library/Frameworks/Foundation.framework/Versions/C/Foundation
0x0000000004703000 	/System/Library/Frameworks/AppKit.framework/Versions/C/AppKit
0x0000000004703000 	/System/Library/Frameworks/CoreData.framework/Versions/A/CoreData
0x0000000004703000 	/System/Library/PrivateFrameworks/RemoteViewServices.framework/Versions/A/RemoteViewServices
0x0000000004703000 	/System/Library/PrivateFrameworks/UIFoundation.framework/Versions/A/UIFoundation
0x0000000004703000 	/System/Library/Frameworks/IOSurface.framework/Versions/A/IOSurface
0x0000000004703000 	/System/Library/Frameworks/AudioToolbox.framework/Versions/A/AudioToolbox
0x0000000004703000 	/System/Library/Frameworks/AudioUnit.framework/Versions/A/AudioUnit
0x0000000004703000 	/System/Library/PrivateFrameworks/DataDetectorsCore.framework/Versions/A/DataDetectorsCore
0x0000000004703000 	/System/Library/PrivateFrameworks/DesktopServicesPriv.framework/Versions/A/DesktopServicesPriv
0x0000000004703000 	/System/Library/Frameworks/Carbon.framework/Versions/A/Frameworks/HIToolbox.framework/Versions/A/HIToolbox
0x0000000004703000 	/System/Library/Frameworks/QuartzCore.framework/Versions/A/QuartzCore
0x0000000004703000 	/System/Library/Frameworks/Carbon.framework/Versions/A/Frameworks/SpeechRecognition.framework/Versions/A/SpeechRecognition
0x0000000004703000 	/usr/lib/libauto.dylib
0x0000000004703000 	/usr/lib/libicucore.A.dylib
0x0000000004703000 	/usr/lib/libxml2.2.dylib
0x0000000004703000 	/System/Library/PrivateFrameworks/CoreUI.framework/Versions/A/CoreUI
0x0000000004703000 	/System/Library/Frameworks/CoreAudio.framework/Versions/A/CoreAudio
0x0000000004703000 	/System/Library/Frameworks/DiskArbitration.framework/Versions/A/DiskArbitration
0x0000000004703000 	/usr/lib/liblangid.dylib
0x0000000004703000 	/System/Library/PrivateFrameworks/MultitouchSupport.framework/Versions/A/MultitouchSupport
0x0000000004703000 	/System/Library/Frameworks/IOKit.framework/Versions/A/IOKit
0x0000000004703000 	/usr/lib/libDiagnosticMessagesClient.dylib
0x0000000004703000 	/System/Library/Frameworks/CoreServices.framework/Versions/A/CoreServices
0x0000000004703000 	/System/Library/PrivateFrameworks/PerformanceAnalysis.framework/Versions/A/PerformanceAnalysis
0x0000000004703000 	/System/Library/PrivateFrameworks/GenerationalStorage.framework/Versions/A/GenerationalStorage
0x0000000004703000 	/System/Library/Frameworks/OpenGL.framework/Versions/A/OpenGL
0x0000000004703000 	/System/Library/PrivateFrameworks/Sharing.framework/Versions/A/Sharing
0x0000000004703000 	/System/Library/Frameworks/CoreGraphics.framework/Versions/A/CoreGraphics
0x0000000004703000 	/System/Library/Frameworks/CoreText.framework/Versions/A/CoreText
0x0000000004703000 	/System/Library/Frameworks/ImageIO.framework/Versions/A/ImageIO
0x0000000004703000 	/usr/lib/libextension.dylib
0x0000000004703000 	/System/Library/PrivateFrameworks/Backup.framework/Versions/A/Backup
0x0000000004703000 	/usr/lib/libarchive.2.dylib
0x0000000004703000 	/System/Library/Frameworks/CFNetwork.framework/Versions/A/CFNetwork
0x0000000004703000 	/System/Library/Frameworks/SystemConfiguration.framework/Versions/A/SystemConfiguration
0x0000000004703000 	/usr/lib/libCRFSuite.dylib
0x0000000004703000 	/usr/lib/libc++.1.dylib
0x0000000004703000 	/usr/lib/libc++abi.dylib
0x0000000004703000 	/usr/lib/system/libcache.dylib
0x0000000004703000 	/usr/lib/system/libcommonCrypto.dylib
0x0000000004703000 	/usr/lib/system/libcompiler_rt.dylib
0x0000000004703000 	/usr/lib/system/libcopyfile.dylib
0x0000000004703000 	/usr/lib/system/libcorecrypto.dylib
0x0000000004703000 	/usr/lib/system/libdispatch.dylib
0x0000000004703000 	/usr/lib/system/libdyld.dylib
0x0000000004703000 	/usr/lib/system/libkeymgr.dylib
0x0000000004703000 	/usr/lib/system/liblaunch.dylib
0x0000000004703000 	/usr/lib/system/libmacho.dylib
0x0000000004703000 	/usr/lib/system/libquarantine.dylib
0x0000000004703000 	/usr/lib/system/libremovefile.dylib
0x0000000004703000 	/usr/lib/system/libsystem_asl.dylib
0x0000000004703000 	/usr/lib/system/libsystem_blocks.dylib
0x0000000004703000 	/usr/lib/system/libsystem_c.dylib
0x0000000004703000 	/usr/lib/system/libsystem_configuration.dylib
0x0000000004703000 	/usr/lib/system/libsystem_coreservices.dylib
0x0000000004703000 	/usr/lib/system/libsystem_coretls.dylib
0x0000000004703000 	/usr/lib/system/libsystem_dnssd.dylib
0x0000000004703000 	/usr/lib/system/libsystem_info.dylib
0x0000000004703000 	/usr/lib/system/libsystem_kernel.dylib
0x0000000004703000 	/usr/lib/system/libsystem_m.dylib
0x0000000004703000 	/usr/lib/system/libsystem_malloc.dylib
0x0000000004703000 	/usr/lib/system/libsystem_network.dylib
0x0000000004703000 	/usr/lib/system/libsystem_networkextension.dylib
0x0000000004703000 	/usr/lib/system/libsystem_notify.dylib
0x0000000004703000 	/usr/lib/system/libsystem_platform.dylib
0x0000000004703000 	/usr/lib/system/libsystem_pthread.dylib
0x0000000004703000 	/usr/lib/system/libsystem_sandbox.dylib
0x0000000004703000 	/usr/lib/system/libsystem_secinit.dylib
0x0000000004703000 	/usr/lib/system/libsystem_stats.dylib
0x0000000004703000 	/usr/lib/system/libsystem_trace.dylib
0x0000000004703000 	/usr/lib/system/libunc.dylib
0x0000000004703000 	/usr/lib/system/libunwind.dylib
0x0000000004703000 	/usr/lib/system/libxpc.dylib
0x0000000004703000 	/usr/lib/libbz2.1.0.dylib
0x0000000004703000 	/usr/lib/liblzma.5.dylib
0x0000000004703000 	/usr/lib/libbsm.0.dylib
0x0000000004703000 	/usr/lib/libsqlite3.dylib
0x0000000004703000 	/usr/lib/system/libkxld.dylib
0x0000000004703000 	/usr/lib/libxar.1.dylib
0x0000000004703000 	/usr/lib/libpam.2.dylib
0x0000000004703000 	/usr/lib/libOpenScriptingUtil.dylib
0x0000000004703000 	/System/Library/Frameworks/CoreServices.framework/Versions/A/Frameworks/FSEvents.framework/Versions/A/FSEvents
0x0000000004703000 	/System/Library/Frameworks/CoreServices.framework/Versions/A/Frameworks/CarbonCore.framework/Versions/A/CarbonCore
0x0000000004703000 	/System/Library/Frameworks/CoreServices.framework/Versions/A/Frameworks/Metadata.framework/Versions/A/Metadata
0x0000000004703000 	/System/Library/Frameworks/CoreServices.framework/Versions/A/Frameworks/OSServices.framework/Versions/A/OSServices
0x0000000004703000 	/System/Library/Frameworks/CoreServices.framework/Versions/A/Frameworks/SearchKit.framework/Versions/A/SearchKit
0x0000000004703000 	/System/Library/Frameworks/CoreServices.framework/Versions/A/Frameworks/AE.framework/Versions/A/AE
0x0000000004703000 	/System/Library/Frameworks/CoreServices.framework/Versions/A/Frameworks/LaunchServices.framework/Versions/A/LaunchServices
0x0000000004703000 	/System/Library/Frameworks/CoreServices.framework/Versions/A/Frameworks/DictionaryServices.framework/Versions/A/DictionaryServices
0x0000000004703000 	/System/Library/Frameworks/NetFS.framework/Versions/A/NetFS
0x0000000004703000 	/System/Library/PrivateFrameworks/NetAuth.framework/Versions/A/NetAuth
0x0000000004703000 	/System/Library/PrivateFrameworks/login.framework/Versions/A/Frameworks/loginsupport.framework/Versions/A/loginsupport
0x0000000004703000 	/System/Library/PrivateFrameworks/TCC.framework/Versions/A/TCC
0x0000000004703000 	/usr/lib/libmecabra.dylib
0x0000000004703000 	/System/Library/Frameworks/ApplicationServices.framework/Versions/A/Frameworks/ATS.framework/Versions/A/ATS
0x0000000004703000 	/System/Library/Frameworks/ApplicationServices.framework/Versions/A/Frameworks/ColorSync.framework/Versions/A/ColorSync
0x0000000004703000 	/System/Library/Frameworks/ApplicationServices.framework/Versions/A/Frameworks/HIServices.framework/Versions/A/HIServices
0x0000000004703000 	/System/Library/Frameworks/ApplicationServices.framework/Versions/A/Frameworks/LangAnalysis.framework/Versions/A/LangAnalysis
0x0000000004703000 	/System/Library/Frameworks/ApplicationServices.framework/Versions/A/Frameworks/PrintCore.framework/Versions/A/PrintCore
0x0000000004703000 	/System/Library/Frameworks/ApplicationServices.framework/Versions/A/Frameworks/QD.framework/Versions/A/QD
0x0000000004703000 	/System/Library/Frameworks/ApplicationServices.framework/Versions/A/Frameworks/SpeechSynthesis.framework/Versions/A/SpeechSynthesis
0x0000000004703000 	/System/Library/Frameworks/Accelerate.framework/Versions/A/Accelerate
0x0000000004703000 	/System/Library/Frameworks/Accelerate.framework/Versions/A/Frameworks/vImage.framework/Versions/A/vImage
0x0000000004703000 	/System/Library/Frameworks/Accelerate.framework/Versions/A/Frameworks/vecLib.framework/Versions/A/vecLib
0x0000000004703000 	/System/Library/Frameworks/Accelerate.framework/Versions/A/Frameworks/vecLib.framework/Versions/A/libvDSP.dylib
0x0000000004703000 	/System/Library/Frameworks/Accelerate.framework/Versions/A/Frameworks/vecLib.framework/Versions/A/libvMisc.dylib
0x0000000004703000 	/System/Library/Frameworks/Accelerate.framework/Versions/A/Frameworks/vecLib.framework/Versions/A/libLAPACK.dylib
0x0000000004703000 	/System/Library/Frameworks/Accelerate.framework/Versions/A/Frameworks/vecLib.framework/Versions/A/libBLAS.dylib
0x0000000004703000 	/System/Library/Frameworks/Accelerate.framework/Versions/A/Frameworks/vecLib.framework/Versions/A/libLinearAlgebra.dylib
0x0000000004703000 	/System/Library/Frameworks/ApplicationServices.framework/Versions/A/Frameworks/ATS.framework/Versions/A/Resources/libFontParser.dylib
0x0000000004703000 	/System/Library/Frameworks/ApplicationServices.framework/Versions/A/Frameworks/ATS.framework/Versions/A/Resources/libFontRegistry.dylib
0x0000000004703000 	/System/Library/PrivateFrameworks/AppleVPA.framework/Versions/A/AppleVPA
0x0000000004703000 	/System/Library/PrivateFrameworks/AppleJPEG.framework/Versions/A/AppleJPEG
0x0000000004703000 	/System/Library/Frameworks/ImageIO.framework/Versions/A/Resources/libJPEG.dylib
0x0000000004703000 	/System/Library/Frameworks/ImageIO.framework/Versions/A/Resources/libTIFF.dylib
0x0000000004703000 	/System/Library/Frameworks/ImageIO.framework/Versions/A/Resources/libPng.dylib
0x0000000004703000 	/System/Library/Frameworks/ImageIO.framework/Versions/A/Resources/libGIF.dylib
0x0000000004703000 	/System/Library/Frameworks/ImageIO.framework/Versions/A/Resources/libJP2.dylib
0x0000000004703000 	/System/Library/Frameworks/ImageIO.framework/Versions/A/Resources/libRadiance.dylib
0x0000000004703000 	/System/Library/Frameworks/CoreVideo.framework/Versions/A/CoreVideo
0x0000000004703000 	/System/Library/Frameworks/OpenGL.framework/Versions/A/Libraries/libGLU.dylib
0x0000000004703000 	/System/Library/Frameworks/OpenGL.framework/Versions/A/Libraries/libGFXShared.dylib
0x0000000004703000 	/System/Library/Frameworks/OpenGL.framework/Versions/A/Libraries/libGL.dylib
0x0000000004703000 	/System/Library/Frameworks/OpenGL.framework/Versions/A/Libraries/libGLImage.dylib
0x0000000004703000 	/System/Library/Frameworks/OpenGL.framework/Versions/A/Libraries/libCVMSPluginSupport.dylib
0x0000000004703000 	/System/Library/Frameworks/OpenGL.framework/Versions/A/Libraries/libCoreVMClient.dylib
0x0000000004703000 	/usr/lib/libcups.2.dylib
0x0000000004703000 	/System/Library/Frameworks/Kerberos.framework/Versions/A/Kerberos
0x0000000004703000 	/System/Library/Frameworks/GSS.framework/Versions/A/GSS
0x0000000004703000 	/usr/lib/libresolv.9.dylib
0x0000000004703000 	/usr/lib/libiconv.2.dylib
0x0000000004703000 	/System/Library/PrivateFrameworks/Heimdal.framework/Versions/A/Heimdal
0x0000000004703000 	/usr/lib/libheimdal-asn1.dylib
0x0000000004703000 	/System/Library/Frameworks/OpenDirectory.framework/Versions/A/OpenDirectory
0x0000000004703000 	/System/Library/PrivateFrameworks/CommonAuth.framework/Versions/A/CommonAuth
0x0000000004703000 	/System/Library/Frameworks/OpenDirectory.framework/Versions/A/Frameworks/CFOpenDirectory.framework/Versions/A/CFOpenDirectory
0x0000000004703000 	/System/Library/Frameworks/SecurityFoundation.framework/Versions/A/SecurityFoundation
0x0000000004703000 	/System/Library/PrivateFrameworks/LanguageModeling.framework/Versions/A/LanguageModeling
0x0000000004703000 	/usr/lib/libcmph.dylib
0x0000000004703000 	/System/Library/Frameworks/ServiceManagement.framework/Versions/A/ServiceManagement
0x0000000004703000 	/usr/lib/libxslt.1.dylib
0x0000000004703000 	/System/Library/Frameworks/Carbon.framework/Versions/A/Frameworks/Ink.framework/Versions/A/Ink
0x0000000004703000 	/System/Library/Frameworks/QuartzCore.framework/Versions/A/Frameworks/CoreImage.framework/Versions/A/CoreImage
0x0000000004703000 	/System/Library/PrivateFrameworks/CrashReporterSupport.framework/Versions/A/CrashReporterSupport
0x0000000004703000 	/System/Library/Frameworks/OpenCL.framework/Versions/A/OpenCL
0x0000000004703000 	/System/Library/PrivateFrameworks/FaceCore.framework/Versions/A/FaceCore
0x0000000004703000 	/System/Library/PrivateFrameworks/Ubiquity.framework/Versions/A/Ubiquity
0x0000000004703000 	/System/Library/PrivateFrameworks/IconServices.framework/Versions/A/IconServices
0x0000000004703000 	/System/Library/PrivateFrameworks/ChunkingLibrary.framework/Versions/A/ChunkingLibrary
0x0000000004703000 	/System/Library/PrivateFrameworks/Apple80211.framework/Versions/A/Apple80211
0x0000000004703000 	/System/Library/Frameworks/CoreWLAN.framework/Versions/A/CoreWLAN
0x0000000004703000 	/System/Library/Frameworks/IOBluetooth.framework/Versions/A/IOBluetooth
0x0000000004703000 	/System/Library/PrivateFrameworks/CoreWiFi.framework/Versions/A/CoreWiFi
0x0000000004703000 	/System/Library/Frameworks/CoreBluetooth.framework/Versions/A/CoreBluetooth
0x0000000004703000 	/System/Library/PrivateFrameworks/DebugSymbols.framework/Versions/A/DebugSymbols
0x0000000004703000 	/System/Library/PrivateFrameworks/CoreSymbolication.framework/Versions/A/CoreSymbolication
0x0000000004703000 	/System/Library/PrivateFrameworks/Symbolication.framework/Versions/A/Symbolication
0x0000000004703000 	/System/Library/PrivateFrameworks/SpeechRecognitionCore.framework/Versions/A/SpeechRecognitionCore
0x0000000048d84000 	/System/Library/CoreServices/Encodings/libLatin2Converter.dylib
0x0000000104400000 	/Library/Java/JavaVirtualMachines/jdk1.8.0_11.jdk/Contents/Home/jre/lib/server/libjvm.dylib
0x0000000004703000 	/usr/lib/libstdc++.6.dylib
0x0000000103b53000 	/Library/Java/JavaVirtualMachines/jdk1.8.0_11.jdk/Contents/Home/jre/lib/libverify.dylib
0x0000000103b61000 	/Library/Java/JavaVirtualMachines/jdk1.8.0_11.jdk/Contents/Home/jre/lib/libjava.dylib
0x0000000103b9f000 	/Library/Java/JavaVirtualMachines/jdk1.8.0_11.jdk/Contents/Home/jre/lib/libzip.dylib
0x000000011b3e8000 	/System/Library/Frameworks/JavaVM.framework/Frameworks/JavaRuntimeSupport.framework/JavaRuntimeSupport
0x000000011b400000 	/System/Library/Frameworks/JavaVM.framework/Versions/A/Frameworks/JavaNativeFoundation.framework/Versions/A/JavaNativeFoundation
0x000000011b415000 	/System/Library/Frameworks/JavaVM.framework/Versions/A/JavaVM
0x0000000004703000 	/System/Library/Frameworks/Carbon.framework/Versions/A/Carbon
0x000000011b422000 	/System/Library/PrivateFrameworks/JavaLaunching.framework/Versions/A/JavaLaunching
0x0000000004703000 	/System/Library/Frameworks/Carbon.framework/Versions/A/Frameworks/CommonPanels.framework/Versions/A/CommonPanels
0x0000000004703000 	/System/Library/Frameworks/Carbon.framework/Versions/A/Frameworks/Help.framework/Versions/A/Help
0x0000000004703000 	/System/Library/Frameworks/Carbon.framework/Versions/A/Frameworks/ImageCapture.framework/Versions/A/ImageCapture
0x0000000004703000 	/System/Library/Frameworks/Carbon.framework/Versions/A/Frameworks/OpenScripting.framework/Versions/A/OpenScripting
0x0000000004703000 	/System/Library/Frameworks/Carbon.framework/Versions/A/Frameworks/Print.framework/Versions/A/Print
0x0000000004703000 	/System/Library/Frameworks/Carbon.framework/Versions/A/Frameworks/SecurityHI.framework/Versions/A/SecurityHI
0x000000011d411000 	/Applications/IntelliJ IDEA 14 CE.app/Contents/bin/libbreakgen64.jnilib
0x000000011d517000 	/Library/Java/JavaVirtualMachines/jdk1.8.0_11.jdk/Contents/Home/jre/lib/libnet.dylib
0x000000011d821000 	/Library/Java/JavaVirtualMachines/jdk1.8.0_11.jdk/Contents/Home/jre/lib/libprism_es2.dylib
0x0000000004703000 	/System/Library/Frameworks/OpenGL.framework/Versions/A/Resources/GLEngine.bundle/GLEngine
0x0000000004703000 	/System/Library/Frameworks/OpenGL.framework/Versions/A/Libraries/libGLProgrammability.dylib
0x000000011d8a2000 	/System/Library/Extensions/AMDRadeonX3000GLDriver.bundle/Contents/MacOS/AMDRadeonX3000GLDriver
0x0000000004703000 	/System/Library/PrivateFrameworks/IOAccelerator.framework/Versions/A/IOAccelerator
0x0000000004703000 	/System/Library/PrivateFrameworks/GPUSupport.framework/Versions/A/Libraries/libGPUSupportMercury.dylib
0x0000000004703000 	/System/Library/Frameworks/OpenGL.framework/Versions/A/Resources/GLRendererFloat.bundle/GLRendererFloat
0x0000000004703000 	/System/Library/Frameworks/OpenCL.framework/Versions/A/Libraries/libcldcpuengine.dylib
0x0000000004703000 	/System/Library/PrivateFrameworks/DiskImages.framework/Versions/A/DiskImages
0x0000000004703000 	/System/Library/Frameworks/DiscRecording.framework/Versions/A/DiscRecording
0x0000000004703000 	/usr/lib/libcsfde.dylib
0x0000000004703000 	/usr/lib/libcurl.4.dylib
0x0000000004703000 	/System/Library/PrivateFrameworks/MediaKit.framework/Versions/A/MediaKit
0x0000000004703000 	/System/Library/PrivateFrameworks/ProtectedCloudStorage.framework/Versions/A/ProtectedCloudStorage
0x0000000004703000 	/usr/lib/libCoreStorage.dylib
0x0000000004703000 	/System/Library/PrivateFrameworks/EFILogin.framework/Versions/A/EFILogin
0x0000000004703000 	/usr/lib/libutil.dylib
0x0000000004703000 	/System/Library/PrivateFrameworks/FindMyDevice.framework/Versions/A/FindMyDevice
0x0000000004703000 	/System/Library/Frameworks/LDAP.framework/Versions/A/LDAP
0x0000000004703000 	/usr/lib/libsasl2.2.dylib
0x0000000004703000 	/System/Library/PrivateFrameworks/CoreDaemon.framework/Versions/B/CoreDaemon
0x0000000004703000 	/usr/lib/libcrypto.0.9.8.dylib
0x0000000004703000 	/System/Library/PrivateFrameworks/AppleSRP.framework/Versions/A/AppleSRP
0x0000000004703000 	/System/Library/PrivateFrameworks/TrustEvaluationAgent.framework/Versions/A/TrustEvaluationAgent
0x000000011dc6d000 	/Library/Java/JavaVirtualMachines/jdk1.8.0_11.jdk/Contents/Home/jre/lib/libglass.dylib
0x0000000004703000 	/System/Library/PrivateFrameworks/CoreServicesInternal.framework/Versions/A/CoreServicesInternal
0x0000000004703000 	/System/Library/PrivateFrameworks/CloudDocs.framework/Versions/A/CloudDocs
0x0000000004703000 	/System/Library/PrivateFrameworks/CoreDuet.framework/Versions/A/CoreDuet
0x0000000004703000 	/System/Library/Frameworks/CloudKit.framework/Versions/A/CloudKit
0x0000000004703000 	/System/Library/PrivateFrameworks/ProtocolBuffer.framework/Versions/A/ProtocolBuffer
0x0000000004703000 	/System/Library/PrivateFrameworks/CoreDuetDaemonProtocol.framework/Versions/A/CoreDuetDaemonProtocol
0x0000000004703000 	/System/Library/PrivateFrameworks/CoreDuetDebugLogging.framework/Versions/A/CoreDuetDebugLogging
0x0000000004703000 	/System/Library/PrivateFrameworks/MMCS.framework/Versions/A/MMCS
0x0000000004703000 	/System/Library/Frameworks/CoreLocation.framework/Versions/A/CoreLocation
0x0000000004703000 	/System/Library/PrivateFrameworks/GeoServices.framework/Versions/A/GeoServices
0x000000011e2f3000 	/System/Library/Frameworks/CoreGraphics.framework/Versions/A/Resources/libCGCMS.A.dylib
0x0000000004703000 	/System/Library/CoreServices/RawCamera.bundle/Contents/MacOS/RawCamera
0x000000011f672000 	/System/Library/Frameworks/CoreGraphics.framework/Versions/A/Resources/libRIP.A.dylib
0x0000000004703000 	/System/Library/PrivateFrameworks/FamilyControls.framework/Versions/A/FamilyControls
0x0000000004703000 	/System/Library/PrivateFrameworks/CommerceKit.framework/Versions/A/Frameworks/CommerceCore.framework/Versions/A/CommerceCore
0x0000000004703000 	/System/Library/PrivateFrameworks/SystemAdministration.framework/Versions/A/SystemAdministration
0x0000000004703000 	/System/Library/PrivateFrameworks/AppContainer.framework/Versions/A/AppContainer
0x0000000004703000 	/System/Library/PrivateFrameworks/SecCodeWrapper.framework/Versions/A/SecCodeWrapper
0x0000000004703000 	/System/Library/Frameworks/DirectoryService.framework/Versions/A/DirectoryService
0x0000000004703000 	/System/Library/PrivateFrameworks/LoginUIKit.framework/Versions/A/Frameworks/LoginUICore.framework/Versions/A/LoginUICore
0x0000000004703000 	/usr/lib/libodfde.dylib
0x0000000120cc5000 	/Library/Java/JavaVirtualMachines/jdk1.8.0_11.jdk/Contents/Home/jre/lib/libjfxwebkit.dylib
0x0000000123471000 	/Library/Java/JavaVirtualMachines/jdk1.8.0_11.jdk/Contents/Home/jre/lib/libjavafx_font.dylib
0x000000012378a000 	/System/Library/Frameworks/CoreGraphics.framework/Versions/A/Resources/libCGXType.A.dylib
0x0000000125c79000 	/Library/Java/JavaVirtualMachines/jdk1.8.0_11.jdk/Contents/Home/jre/lib/libprism_common.dylib
0x0000000126ba1000 	cl_kernels
0x0000000126ba3000 	/System/Library/Frameworks/OpenCL.framework/Versions/A/Libraries/ImageFormats/unorm8_bgra.dylib
0x0000000126d50000 	cl_kernels
0x000000012771f000 	/Library/Java/JavaVirtualMachines/jdk1.8.0_11.jdk/Contents/Home/jre/lib/libawt.dylib
0x00000001277ce000 	/Library/Java/JavaVirtualMachines/jdk1.8.0_11.jdk/Contents/Home/jre/lib/./libmlib_image.dylib
0x000000012789a000 	/Library/Java/JavaVirtualMachines/jdk1.8.0_11.jdk/Contents/Home/jre/lib/libawt_lwawt.dylib
0x000000012794c000 	/Library/Java/JavaVirtualMachines/jdk1.8.0_11.jdk/Contents/Home/jre/lib/./libosxapp.dylib
0x0000000004703000 	/System/Library/Frameworks/ExceptionHandling.framework/Versions/A/ExceptionHandling
0x0000000127e46000 	/Library/Java/JavaVirtualMachines/jdk1.8.0_11.jdk/Contents/Home/jre/lib/libfontmanager.dylib
0x00000001288c4000 	/Library/Java/JavaVirtualMachines/jdk1.8.0_11.jdk/Contents/Home/jre/lib/libnio.dylib

VM Arguments:
jvm_args: -Didea.launcher.port=7537 -Didea.launcher.bin.path=/Applications/IntelliJ IDEA 14 CE.app/Contents/bin -Dfile.encoding=UTF-8 
java_command: com.intellij.rt.execution.application.AppMain mars.Main
java_class_path (initial): /Library/Java/JavaVirtualMachines/jdk1.8.0_11.jdk/Contents/Home/lib/ant-javafx.jar:/Library/Java/JavaVirtualMachines/jdk1.8.0_11.jdk/Contents/Home/lib/dt.jar:/Library/Java/JavaVirtualMachines/jdk1.8.0_11.jdk/Contents/Home/lib/javafx-mx.jar:/Library/Java/JavaVirtualMachines/jdk1.8.0_11.jdk/Contents/Home/lib/jconsole.jar:/Library/Java/JavaVirtualMachines/jdk1.8.0_11.jdk/Contents/Home/lib/sa-jdi.jar:/Library/Java/JavaVirtualMachines/jdk1.8.0_11.jdk/Contents/Home/lib/tools.jar:/Library/Java/JavaVirtualMachines/jdk1.8.0_11.jdk/Contents/Home/jre/lib/charsets.jar:/Library/Java/JavaVirtualMachines/jdk1.8.0_11.jdk/Contents/Home/jre/lib/deploy.jar:/Library/Java/JavaVirtualMachines/jdk1.8.0_11.jdk/Contents/Home/jre/lib/htmlconverter.jar:/Library/Java/JavaVirtualMachines/jdk1.8.0_11.jdk/Contents/Home/jre/lib/javaws.jar:/Library/Java/JavaVirtualMachines/jdk1.8.0_11.jdk/Contents/Home/jre/lib/jce.jar:/Library/Java/JavaVirtualMachines/jdk1.8.0_11.jdk/Contents/Home/jre/lib/jfr.jar:/Library/Java/JavaVirtualMachines/jdk1.8.0_11.jdk/Contents/Home/jre/lib/jfxswt.jar:/Library/Java/JavaVirtualMachines/jdk1.8.0_11.jdk/Contents/Home/jre/lib/jsse.jar:/Library/Java/JavaVirtualMachines/jdk1.8.0_11.jdk/Contents/Home/jre/lib/management-agent.jar:/Library/Java/JavaVirtualMachines/jdk1.8.0_11.jdk/Contents/Home/jre/lib/plugin.jar:/Library/Java/JavaVirtualMachines/jdk1.8.0_11.jdk/Contents/Home/jre/lib/resources.jar:/Library/Java/JavaVirtualMachines/jdk1.8.0_11.jdk/Contents/Home/jre/lib/rt.jar:/Library/Java/JavaVirtualMachines/jdk1.8.0_11.jdk/Contents/Home/jre/lib/ext/cldrdata.jar:/Library/Java/JavaVirtualMachines/jdk1.8.0_11.jdk/Contents/Home/jre/lib/ext/dnsns.jar:/Library/Java/JavaVirtualMachines/jdk1.8.0_11.jdk/Contents/Home/jre/lib/ext/jfxrt.jar:/Library/Java/JavaVirtualMachines/jdk1.8.0_11.jdk/Contents/Home/jre/lib/ext/localedata.jar:/Library/Java/JavaVirtualMachines/jdk1.8.0_11.jdk/Contents/Home/jre/lib/ext/nashorn.jar:/Library/Java/JavaVirtualMachines/jdk1.8.0_11.j
Launcher Type: SUN_STANDARD

Environment Variables:
PATH=/Users/adam/.rvm/gems/ruby-2.1.1/bin:/Users/adam/.rvm/gems/ruby-2.1.1@global/bin:/Users/adam/.rvm/rubies/ruby-2.1.1/bin:/usr/local/heroku/bin:/usr/local/bin:/usr/bin:/bin:/usr/sbin:/sbin:/opt/X11/bin:/usr/local/git/bin:/Users/adam/dev/apache-ant/bin:/Users/adam/sdk/tools:/Users/adam/sdk/platform-tools:/Users/adam/sdk/tools:/Users/adam/.rvm/bin
SHELL=/bin/bash
DISPLAY=/private/tmp/com.apple.launchd.2Jp8KbXHzn/org.macosforge.xquartz:0

Signal Handlers:
SIGSEGV: [libjvm.dylib+0x56059b], sa_mask[0]=0xfffefeff, sa_flags=0x00000043
SIGBUS: [libjvm.dylib+0x56059b], sa_mask[0]=0xfffefeff, sa_flags=0x00000042
SIGFPE: [libjvm.dylib+0x4438f2], sa_mask[0]=0xfffefeff, sa_flags=0x00000042
SIGPIPE: [libjvm.dylib+0x4438f2], sa_mask[0]=0xfffefeff, sa_flags=0x00000042
SIGXFSZ: [libjvm.dylib+0x4438f2], sa_mask[0]=0xfffefeff, sa_flags=0x00000042
SIGILL: [libjvm.dylib+0x4438f2], sa_mask[0]=0xfffefeff, sa_flags=0x00000042
SIGUSR1: SIG_DFL, sa_mask[0]=0x00000000, sa_flags=0x00000000
SIGUSR2: [libjvm.dylib+0x443410], sa_mask[0]=0x00000004, sa_flags=0x00000042
SIGHUP: [libjvm.dylib+0x44179b], sa_mask[0]=0xfffefeff, sa_flags=0x00000042
SIGINT: [libjvm.dylib+0x44179b], sa_mask[0]=0xfffefeff, sa_flags=0x00000042
SIGTERM: [libjvm.dylib+0x44179b], sa_mask[0]=0xfffefeff, sa_flags=0x00000042
SIGQUIT: [libjvm.dylib+0x44179b], sa_mask[0]=0xfffefeff, sa_flags=0x00000042


---------------  S Y S T E M  ---------------

OS:Bsduname:Darwin 14.5.0 Darwin Kernel Version 14.5.0: Wed Jul 29 02:26:53 PDT 2015; root:xnu-2782.40.9~1/RELEASE_X86_64 x86_64
rlimit: STACK 8192k, CORE 0k, NPROC 709, NOFILE 10240, AS infinity
load average:2.81 2.60 2.33

CPU:total 4 (4 cores per cpu, 1 threads per core) family 6 model 42 stepping 7, cmov, cx8, fxsr, mmx, sse, sse2, sse3, ssse3, sse4.1, sse4.2, popcnt, avx, aes, clmul, tsc, tscinvbit

Memory: 4k page, physical 8388608k(77092k free)

/proc/meminfo:


vm_info: Java HotSpot(TM) 64-Bit Server VM (25.11-b03) for bsd-amd64 JRE (1.8.0_11-b12), built on Jun 16 2014 17:39:42 by "java_re" with gcc 4.2.1 (Based on Apple Inc. build 5658) (LLVM build 2336.11.00)

time: Thu Sep 17 15:26:22 2015
elapsed time: 679 seconds

